<?xml version="1.0" encoding="UTF-8"?>
<!-- Generated by org.testng.reporters.JUnitReportReporter -->
<testsuite skipped="0" hostname="DESKTOP-57Q13VH" name="prvt.gabbster.Generic_Test" tests="1" failures="0" timestamp="06 Sep 2018 19:41:58 GMT" time="3.370" errors="0">
  <testcase name="test" time="3.370" classname="prvt.gabbster.Generic_Test"/>
</testsuite> <!-- prvt.gabbster.Generic_Test -->
