<?xml version="1.0" encoding="UTF-8"?>
<!-- Generated by org.testng.reporters.JUnitReportReporter -->
<testsuite skipped="0" hostname="DESKTOP-57Q13VH" name="prvt.gabbster.RevisionTest" tests="1" failures="0" timestamp="08 Sep 2018 15:22:05 GMT" time="19.014" errors="0">
  <testcase name="OrderRevisionParts" time="19.014" classname="prvt.gabbster.RevisionTest"/>
</testsuite> <!-- prvt.gabbster.RevisionTest -->
