<?xml version="1.0" encoding="UTF-8"?>
<!-- Generated by org.testng.reporters.JUnitReportReporter -->
<testsuite skipped="0" hostname="DESKTOP-57Q13VH" name="prvt.gabbster.RevisionTest" tests="1" failures="0" timestamp="06 Sep 2018 20:16:11 GMT" time="19.620" errors="0">
  <testcase name="OrderRevisionParts" time="19.620" classname="prvt.gabbster.RevisionTest"/>
</testsuite> <!-- prvt.gabbster.RevisionTest -->
